2024-11-04 23:07:09 Loading main app package /usr/lib/obsidian/obsidian.asar
2024-11-04 23:07:10 Checking for update using Github
2024-11-04 23:07:10 Success.
2024-11-04 23:07:10 Latest version is 1.7.5
2024-11-04 23:07:10 Downloading update from https://github.com/obsidianmd/obsidian-releases/releases/download/v1.7.5/obsidian-1.7.5.asar.gz
2024-11-04 23:07:11 Verifying hash & signature. Size= 8056498
2024-11-04 23:07:11 Saving file
2024-11-04 23:07:11 Update complete.
2024-11-04 23:07:51 Loading updated app package /home/blake/.config/obsidian/obsidian-1.7.5.asar
2024-11-04 23:07:52 Checking for update using Github
2024-11-04 23:07:52 Success.
2024-11-04 23:07:52 Latest version is 1.7.5
2024-11-04 23:07:52 App is up to date.
2024-11-04 23:10:32 Loading updated app package /home/blake/.config/obsidian/obsidian-1.7.5.asar
2024-11-04 23:10:32 Checking for update using Github
2024-11-04 23:10:32 Success.
2024-11-04 23:10:32 Latest version is 1.7.5
2024-11-04 23:10:32 App is up to date.
2024-11-04 23:13:07 Loading updated app package /home/blake/.config/obsidian/obsidian-1.7.5.asar
2024-11-04 23:13:07 Checking for update using Github
2024-11-04 23:13:07 Success.
2024-11-04 23:13:07 Latest version is 1.7.5
2024-11-04 23:13:07 App is up to date.
2024-11-04 23:57:01 Loading updated app package /home/blake/.config/obsidian/obsidian-1.7.5.asar
2024-11-04 23:57:01 Checking for update using Github
2024-11-04 23:57:01 Success.
2024-11-04 23:57:01 Latest version is 1.7.5
2024-11-04 23:57:01 App is up to date.
2024-11-05 00:18:05 Loading updated app package /home/blake/.config/obsidian/obsidian-1.7.5.asar
2024-11-05 00:18:05 Checking for update using Github
2024-11-05 00:57:01 Checking for update using Github
2024-11-05 00:57:01 Success.
2024-11-05 00:57:01 Latest version is 1.7.5
2024-11-05 00:57:01 App is up to date.
2024-11-05 17:09:19 Loading updated app package /home/blake/.config/obsidian/obsidian-1.7.5.asar
2024-11-05 17:09:19 Checking for update using Github
2024-11-05 17:09:19 Loading updated app package /home/blake/.config/obsidian/obsidian-1.7.5.asar
2024-11-05 17:09:19 Success.
2024-11-05 17:09:19 Latest version is 1.7.5
2024-11-05 17:09:19 App is up to date.
2024-11-05 17:09:19 Checking for update using Github
2024-11-05 18:09:19 Checking for update using Github
2024-11-05 18:09:19 Success.
2024-11-05 18:09:19 Latest version is 1.7.5
2024-11-05 18:09:19 App is up to date.
2024-11-06 19:26:03 Checking for update using Github
2024-11-06 19:26:03 Success.
2024-11-06 19:26:03 Latest version is 1.7.5
2024-11-06 19:26:03 App is up to date.
2024-11-06 19:28:07 Loading updated app package /home/blake/.config/obsidian/obsidian-1.7.5.asar
2024-11-06 19:28:07 Checking for update using Github
2024-11-06 19:28:07 Success.
2024-11-06 19:28:07 Latest version is 1.7.5
2024-11-06 19:28:07 App is up to date.
2024-11-06 19:52:02 Loading updated app package /home/blake/.config/obsidian/obsidian-1.7.5.asar
2024-11-06 19:52:02 Checking for update using Github
2024-11-06 19:52:02 Success.
2024-11-06 19:52:02 Latest version is 1.7.5
2024-11-06 19:52:02 App is up to date.
2024-11-06 20:52:02 Checking for update using Github
2024-11-06 20:52:02 Success.
2024-11-06 20:52:02 Latest version is 1.7.5
2024-11-06 20:52:02 App is up to date.
2024-11-08 05:44:29 Loading main app package /usr/lib/obsidian/obsidian.asar
2024-11-08 05:44:29 Checking for update using Github
2024-11-08 05:44:30 Success.
2024-11-08 05:44:30 Latest version is 1.7.5
2024-11-08 05:44:30 App is up to date.
2024-11-08 06:02:54 Loading main app package /usr/lib/obsidian/obsidian.asar
2024-11-08 06:02:54 Checking for update using Github
2024-11-08 06:02:54 Success.
2024-11-08 06:02:54 Latest version is 1.7.5
2024-11-08 06:02:54 App is up to date.
2024-11-08 06:03:27 Loading main app package /usr/lib/obsidian/obsidian.asar
2024-11-08 06:03:27 Checking for update using Github
2024-11-08 06:03:27 Success.
2024-11-08 06:03:27 Latest version is 1.7.5
2024-11-08 06:03:27 App is up to date.
2024-11-08 06:09:03 Loading main app package /usr/lib/obsidian/obsidian.asar
2024-11-08 06:09:03 Checking for update using Github
2024-11-08 06:09:03 Success.
2024-11-08 06:09:03 Latest version is 1.7.5
2024-11-08 06:09:03 App is up to date.
2024-11-08 06:13:06 Loading main app package /usr/lib/obsidian/obsidian.asar
2024-11-08 06:13:07 Checking for update using Github
2024-11-08 06:13:07 Success.
2024-11-08 06:13:07 Latest version is 1.7.5
2024-11-08 06:13:07 App is up to date.
2024-11-08 15:41:14 Checking for update using Github
2024-11-08 15:41:27 Loading main app package /usr/lib/obsidian/obsidian.asar
2024-11-08 15:41:27 Checking for update using Github
2024-11-08 15:41:27 Success.
2024-11-08 15:41:27 Latest version is 1.7.5
2024-11-08 15:41:27 App is up to date.
2024-11-08 22:10:41 Checking for update using Github
2024-11-08 22:10:41 Success.
2024-11-08 22:10:41 Latest version is 1.7.5
2024-11-08 22:10:41 App is up to date.
2024-11-08 22:11:20 Loading main app package /usr/lib/obsidian/obsidian.asar
2024-11-08 22:11:20 Checking for update using Github
2024-11-08 22:11:21 Success.
2024-11-08 22:11:21 Latest version is 1.7.5
2024-11-08 22:11:21 App is up to date.
2024-11-08 23:11:21 Checking for update using Github
2024-11-08 23:11:21 Success.
2024-11-08 23:11:21 Latest version is 1.7.5
2024-11-08 23:11:21 App is up to date.
2024-11-08 23:45:45 Loading main app package /usr/lib/obsidian/obsidian.asar
2024-11-08 23:45:45 Checking for update using Github
2024-11-08 23:45:46 Success.
2024-11-08 23:45:46 Latest version is 1.7.5
2024-11-08 23:45:46 App is up to date.
2024-11-09 00:33:04 Loading main app package /usr/lib/obsidian/obsidian.asar
2024-11-09 00:33:04 Checking for update using Github
2024-11-09 00:33:05 Success.
2024-11-09 00:33:05 Latest version is 1.7.5
2024-11-09 00:33:05 App is up to date.
2024-11-09 00:52:36 Loading main app package /usr/lib/obsidian/obsidian.asar
2024-11-09 00:52:36 Checking for update using Github
2024-11-09 00:52:36 Success.
2024-11-09 00:52:36 Latest version is 1.7.5
2024-11-09 00:52:36 App is up to date.
2024-11-09 16:42:12 Checking for update using Github
2024-11-09 16:42:12 Success.
2024-11-09 16:42:12 Latest version is 1.7.5
2024-11-09 16:42:12 App is up to date.
2024-11-09 17:47:23 Checking for update using Github
2024-11-09 17:47:23 Success.
2024-11-09 17:47:23 Latest version is 1.7.5
2024-11-09 17:47:23 App is up to date.
2024-11-09 18:47:23 Checking for update using Github
2024-11-09 18:47:23 Success.
2024-11-09 18:47:23 Latest version is 1.7.5
2024-11-09 18:47:23 App is up to date.
2024-11-09 19:14:19 Loading main app package /usr/lib/obsidian/obsidian.asar
2024-11-09 19:14:19 Checking for update using Github
2024-11-09 19:14:20 Success.
2024-11-09 19:14:20 Latest version is 1.7.5
2024-11-09 19:14:20 App is up to date.
2024-11-09 19:15:47 Loading main app package /usr/lib/obsidian/obsidian.asar
2024-11-09 19:15:47 Checking for update using Github
2024-11-09 19:15:47 Success.
2024-11-09 19:15:47 Latest version is 1.7.5
2024-11-09 19:15:47 App is up to date.
2024-11-09 20:01:34 Loading main app package /usr/lib/obsidian/obsidian.asar
2024-11-09 20:01:34 Checking for update using Github
2024-11-09 20:01:34 Success.
2024-11-09 20:01:34 Latest version is 1.7.5
2024-11-09 20:01:34 App is up to date.
2024-11-09 20:25:14 Loading main app package /usr/lib/obsidian/obsidian.asar
2024-11-09 20:25:15 Checking for update using Github
2024-11-09 20:25:15 Success.
2024-11-09 20:25:15 Latest version is 1.7.5
2024-11-09 20:25:15 App is up to date.
2024-11-09 22:18:24 Checking for update using Github
2024-11-09 22:18:24 Success.
2024-11-09 22:18:24 Latest version is 1.7.5
2024-11-09 22:18:24 App is up to date.
2024-11-09 22:29:31 Loading main app package /usr/lib/obsidian/obsidian.asar
2024-11-09 22:29:32 Checking for update using Github
2024-11-09 22:29:32 Success.
2024-11-09 22:29:32 Latest version is 1.7.5
2024-11-09 22:29:32 App is up to date.
2024-11-09 22:31:31 Loading main app package /usr/lib/obsidian/obsidian.asar
2024-11-09 22:31:31 Checking for update using Github
2024-11-09 22:31:32 Success.
2024-11-09 22:31:32 Latest version is 1.7.5
2024-11-09 22:31:32 App is up to date.
2024-11-09 22:33:06 Loading main app package /usr/lib/obsidian/obsidian.asar
2024-11-09 22:33:06 Checking for update using Github
2024-11-09 22:33:06 Success.
2024-11-09 22:33:06 Latest version is 1.7.5
2024-11-09 22:33:06 App is up to date.
2024-11-09 23:00:44 Loading main app package /usr/lib/obsidian/obsidian.asar
2024-11-09 23:00:44 Checking for update using Github
2024-11-09 23:00:45 Success.
2024-11-09 23:00:45 Latest version is 1.7.5
2024-11-09 23:00:45 App is up to date.
2024-11-09 23:13:12 Loading main app package /usr/lib/obsidian/obsidian.asar
2024-11-09 23:13:12 Checking for update using Github
2024-11-09 23:13:12 Success.
2024-11-09 23:13:12 Latest version is 1.7.5
2024-11-09 23:13:12 App is up to date.
2024-11-10 18:25:25 Checking for update using Github
2024-11-10 18:25:25 Success.
2024-11-10 18:25:25 Latest version is 1.7.5
2024-11-10 18:25:25 App is up to date.
2024-11-10 19:25:25 Checking for update using Github
2024-11-10 19:25:25 Success.
2024-11-10 19:25:25 Latest version is 1.7.5
2024-11-10 19:25:25 App is up to date.
2024-11-10 20:25:25 Checking for update using Github
2024-11-10 20:25:25 Success.
2024-11-10 20:25:25 Latest version is 1.7.5
2024-11-10 20:25:25 App is up to date.
2024-11-10 21:25:25 Checking for update using Github
2024-11-10 21:25:25 Success.
2024-11-10 21:25:25 Latest version is 1.7.5
2024-11-10 21:25:25 App is up to date.
2024-11-11 17:03:36 Checking for update using Github
2024-11-11 17:03:36 Success.
2024-11-11 17:03:36 Latest version is 1.7.5
2024-11-11 17:03:36 App is up to date.
2024-11-12 21:19:54 Checking for update using Github
2024-11-12 21:19:54 Success.
2024-11-12 21:19:54 Latest version is 1.7.6
2024-11-12 21:19:54 Downloading update from https://github.com/obsidianmd/obsidian-releases/releases/download/v1.7.6/obsidian-1.7.6.asar.gz
2024-11-12 21:19:55 Verifying hash & signature. Size= 8000010
2024-11-12 21:19:55 Saving file
2024-11-12 21:19:55 Update complete.
2024-11-13 04:23:43 Loading main app package /usr/lib/obsidian/obsidian.asar
2024-11-13 04:23:43 Checking for update using Github
2024-11-13 04:23:44 Success.
2024-11-13 04:23:44 Latest version is 1.7.6
2024-11-13 04:23:44 App is up to date.
2024-11-13 05:23:43 Checking for update using Github
2024-11-13 05:23:44 Success.
2024-11-13 05:23:44 Latest version is 1.7.6
2024-11-13 05:23:44 App is up to date.
2024-11-13 16:59:27 Checking for update using Github
2024-11-13 16:59:27 Success.
2024-11-13 16:59:27 Latest version is 1.7.6
2024-11-13 16:59:27 App is up to date.
2024-11-13 23:01:33 Loading main app package /usr/lib/obsidian/obsidian.asar
2024-11-13 23:01:34 Checking for update using Github
2024-11-13 23:01:34 Success.
2024-11-13 23:01:34 Latest version is 1.7.6
2024-11-13 23:01:34 App is up to date.
2024-11-13 23:10:04 Loading main app package /usr/lib/obsidian/obsidian.asar
2024-11-13 23:10:05 Checking for update using Github
2024-11-13 23:10:05 Success.
2024-11-13 23:10:05 Latest version is 1.7.6
2024-11-13 23:10:05 App is up to date.
2024-11-13 23:15:47 Loading main app package /usr/lib/obsidian/obsidian.asar
2024-11-13 23:15:48 Checking for update using Github
2024-11-13 23:15:48 Success.
2024-11-13 23:15:48 Latest version is 1.7.6
2024-11-13 23:15:48 App is up to date.
2024-11-14 00:15:47 Checking for update using Github
2024-11-14 00:15:48 Success.
2024-11-14 00:15:48 Latest version is 1.7.6
2024-11-14 00:15:48 App is up to date.
2024-11-14 18:49:47 Checking for update using Github
2024-11-14 18:49:47 Success.
2024-11-14 18:49:47 Latest version is 1.7.6
2024-11-14 18:49:47 App is up to date.
2024-11-14 20:22:53 Checking for update using Github
2024-11-14 20:22:53 Success.
2024-11-14 20:22:53 Latest version is 1.7.6
2024-11-14 20:22:53 App is up to date.
2024-11-14 21:00:08 Loading main app package /usr/lib/obsidian/obsidian.asar
2024-11-14 21:00:09 Checking for update using Github
2024-11-14 21:00:09 Success.
2024-11-14 21:00:09 Latest version is 1.7.6
2024-11-14 21:00:09 App is up to date.
2024-11-14 21:00:31 Loading main app package /usr/lib/obsidian/obsidian.asar
2024-11-14 21:00:31 Checking for update using Github
2024-11-14 21:00:31 Success.
2024-11-14 21:00:31 Latest version is 1.7.6
2024-11-14 21:00:31 App is up to date.
2024-11-14 21:02:11 Loading main app package /usr/lib/obsidian/obsidian.asar
2024-11-14 21:02:11 Checking for update using Github
2024-11-14 21:02:11 Success.
2024-11-14 21:02:11 Latest version is 1.7.6
2024-11-14 21:02:11 App is up to date.
2024-11-14 21:15:01 Loading main app package /usr/lib/obsidian/obsidian.asar
2024-11-14 21:15:01 Checking for update using Github
2024-11-14 21:15:02 Success.
2024-11-14 21:15:02 Latest version is 1.7.6
2024-11-14 21:15:02 App is up to date.
2024-11-14 22:15:01 Checking for update using Github
2024-11-14 22:15:01 Success.
2024-11-14 22:15:01 Latest version is 1.7.6
2024-11-14 22:15:01 App is up to date.
2024-11-14 23:15:01 Checking for update using Github
2024-11-14 23:15:01 Success.
2024-11-14 23:15:01 Latest version is 1.7.6
2024-11-14 23:15:01 App is up to date.
2024-11-14 23:22:29 Loading main app package /usr/lib/obsidian/obsidian.asar
2024-11-14 23:22:29 Checking for update using Github
2024-11-15 00:15:01 Checking for update using Github
2024-11-15 00:15:01 Success.
2024-11-15 00:15:01 Latest version is 1.7.6
2024-11-15 00:15:01 App is up to date.
2024-11-15 01:22:00 Loading main app package /usr/lib/obsidian/obsidian.asar
2024-11-15 01:22:00 Checking for update using Github
2024-11-15 01:22:00 Success.
2024-11-15 01:22:00 Latest version is 1.7.6
2024-11-15 01:22:00 App is up to date.
2024-11-15 01:24:44 Loading main app package /usr/lib/obsidian/obsidian.asar
2024-11-15 01:24:44 Checking for update using Github
2024-11-15 01:24:44 Success.
2024-11-15 01:24:44 Latest version is 1.7.6
2024-11-15 01:24:44 App is up to date.
2024-11-15 02:28:07 Checking for update using Github
2024-11-15 02:28:07 Success.
2024-11-15 02:28:07 Latest version is 1.7.6
2024-11-15 02:28:07 App is up to date.
2024-11-15 20:09:55 Loading main app package /usr/lib/obsidian/obsidian.asar
2024-11-15 20:09:55 Checking for update using Github
2024-11-15 20:09:55 Success.
2024-11-15 20:09:55 Latest version is 1.7.6
2024-11-15 20:09:55 App is up to date.
2024-11-15 20:14:01 Loading main app package /usr/lib/obsidian/obsidian.asar
2024-11-15 20:14:02 Checking for update using Github
2024-11-15 20:14:02 Success.
2024-11-15 20:14:02 Latest version is 1.7.6
2024-11-15 20:14:02 App is up to date.
2024-11-15 21:59:57 Checking for update using Github
2024-11-15 21:59:57 Success.
2024-11-15 21:59:57 Latest version is 1.7.6
2024-11-15 21:59:57 App is up to date.
2024-11-15 22:59:57 Checking for update using Github
2024-11-15 22:59:57 Success.
2024-11-15 22:59:57 Latest version is 1.7.6
2024-11-15 22:59:57 App is up to date.
2024-11-16 01:24:14 Checking for update using Github
2024-11-16 01:24:14 Success.
2024-11-16 01:24:14 Latest version is 1.7.6
2024-11-16 01:24:14 App is up to date.
2024-11-16 01:56:00 Loading main app package /usr/lib/obsidian/obsidian.asar
2024-11-16 01:56:00 Checking for update using Github
2024-11-16 01:56:01 Success.
2024-11-16 01:56:01 Latest version is 1.7.6
2024-11-16 01:56:01 App is up to date.
2024-11-16 02:30:42 Loading main app package /usr/lib/obsidian/obsidian.asar
2024-11-16 02:30:43 Checking for update using Github
2024-11-16 02:30:43 Success.
2024-11-16 02:30:43 Latest version is 1.7.6
2024-11-16 02:30:43 App is up to date.
2024-11-16 03:30:42 Checking for update using Github
2024-11-16 03:30:43 Success.
2024-11-16 03:30:43 Latest version is 1.7.6
2024-11-16 03:30:43 App is up to date.
2024-11-16 03:41:40 Loading main app package /usr/lib/obsidian/obsidian.asar
2024-11-16 03:41:41 Checking for update using Github
2024-11-16 03:41:41 Success.
2024-11-16 03:41:41 Latest version is 1.7.6
2024-11-16 03:41:41 App is up to date.
2024-11-19 07:59:30 Loading main app package /usr/lib/obsidian/obsidian.asar
2024-11-19 07:59:30 Checking for update using Github
2024-11-19 07:59:30 Success.
2024-11-19 07:59:30 Latest version is 1.7.7
2024-11-19 07:59:30 Downloading update from https://github.com/obsidianmd/obsidian-releases/releases/download/v1.7.7/obsidian-1.7.7.asar.gz
2024-11-19 07:59:32 Verifying hash & signature. Size= 8000009
2024-11-19 07:59:32 Saving file
2024-11-19 07:59:32 Update complete.
2024-11-19 08:59:31 Checking for update using Github
2024-11-19 08:59:31 Success.
2024-11-19 08:59:31 Latest version is 1.7.7
2024-11-19 08:59:31 An update is already downloaded.
2024-11-19 12:48:10 Checking for update using Github
2024-11-19 12:48:10 Success.
2024-11-19 12:48:10 Latest version is 1.7.7
2024-11-19 12:48:10 An update is already downloaded.
2024-11-19 13:48:10 Checking for update using Github
2024-11-19 13:48:10 Success.
2024-11-19 13:48:10 Latest version is 1.7.7
2024-11-19 13:48:10 An update is already downloaded.
2024-11-19 19:32:12 Loading updated app package /home/blake/.config/obsidian/obsidian-1.7.7.asar
2024-11-19 19:32:13 Checking for update using Github
2024-11-19 19:32:13 Success.
2024-11-19 19:32:13 Latest version is 1.7.7
2024-11-19 19:32:13 App is up to date.
2024-11-19 20:30:11 Loading updated app package /home/blake/.config/obsidian/obsidian-1.7.7.asar
2024-11-19 20:30:11 Checking for update using Github
2024-11-19 20:30:11 Success.
2024-11-19 20:30:11 Latest version is 1.7.7
2024-11-19 20:30:11 App is up to date.
2024-11-19 21:30:11 Checking for update using Github
2024-11-19 21:30:11 Success.
2024-11-19 21:30:11 Latest version is 1.7.7
2024-11-19 21:30:11 App is up to date.
2024-11-20 19:01:21 Checking for update using Github
2024-11-20 19:01:21 Success.
2024-11-20 19:01:21 Latest version is 1.7.7
2024-11-20 19:01:21 App is up to date.
2024-11-20 19:34:41 Loading updated app package /home/blake/.config/obsidian/obsidian-1.7.7.asar
2024-11-20 19:34:41 Checking for update using Github
2024-11-20 19:34:41 Success.
2024-11-20 19:34:41 Latest version is 1.7.7
2024-11-20 19:34:41 App is up to date.
2024-11-21 19:31:55 Checking for update using Github
2024-11-21 19:31:55 Success.
2024-11-21 19:31:55 Latest version is 1.7.7
2024-11-21 19:31:55 App is up to date.
2024-11-21 23:25:22 Loading updated app package /home/blake/.config/obsidian/obsidian-1.7.7.asar
2024-11-21 23:25:22 Checking for update using Github
2024-11-21 23:25:22 Success.
2024-11-21 23:25:22 Latest version is 1.7.7
2024-11-21 23:25:22 App is up to date.
2024-11-22 14:13:04 Loading main app package /usr/lib/obsidian/obsidian.asar
2024-11-22 14:13:04 Checking for update using Github
2024-11-22 14:13:04 Success.
2024-11-22 14:13:04 Latest version is 1.7.7
2024-11-22 14:13:04 App is up to date.
2024-11-22 14:27:49 Loading main app package /usr/lib/obsidian/obsidian.asar
2024-11-22 14:27:49 Checking for update using Github
2024-11-22 14:27:55 Success.
2024-11-22 14:27:55 Latest version is 1.7.7
2024-11-22 14:27:55 App is up to date.
2024-11-22 15:27:49 Checking for update using Github
2024-11-22 15:27:51 Success.
2024-11-22 15:27:51 Latest version is 1.7.7
2024-11-22 15:27:51 App is up to date.
